<?xml version="1.0" encoding="UTF-8"?>
<!-- Generated by org.testng.reporters.JUnitXMLReporter -->
<testsuite ignored="0" hostname="admins-MBP" failures="0" tests="4" name="Default test" time="24.321" errors="0" timestamp="2025-09-01T12:17:06 GST">
  <testcase classname="Carttest.AutomationExercise" name="login" time="6.57"/>
  <testcase classname="Carttest.AutomationExercise" name="SearchProduct" time="5.414"/>
  <testcase classname="Carttest.AutomationExercise" name="Addtocart" time="4.278"/>
  <testcase classname="Carttest.AutomationExercise" name="Placeorder" time="3.958"/>
</testsuite> <!-- Default test -->
