<?xml version="1.0" encoding="UTF-8"?>
<!-- Generated by org.testng.reporters.JUnitXMLReporter -->
<testsuite ignored="0" hostname="admins-MBP" failures="0" tests="4" name="Default test" time="42.569" errors="0" timestamp="2025-08-30T16:35:36 GST">
  <testcase classname="Carttest.AutomationExercise" name="login" time="14.716"/>
  <testcase classname="Carttest.AutomationExercise" name="SearchProduct" time="12.025"/>
  <testcase classname="Carttest.AutomationExercise" name="Addtocart" time="3.8"/>
  <testcase classname="Carttest.AutomationExercise" name="Placeorder" time="4.582"/>
</testsuite> <!-- Default test -->
