<?xml version="1.0" encoding="UTF-8"?>
<testng-results ignored="0" total="4" passed="4" failed="0" skipped="0">
  <reporter-output>
  </reporter-output>
  <suite started-at="2025-09-01T12:16:42 GST" name="Default suite" finished-at="2025-09-01T12:17:06 GST" duration-ms="24321">
    <groups>
    </groups>
    <test started-at="2025-09-01T12:16:42 GST" name="Default test" finished-at="2025-09-01T12:17:06 GST" duration-ms="24321">
      <class name="Carttest.AutomationExercise">
        <test-method is-config="true" signature="setup()[pri:0, instance:Carttest.AutomationExercise@1d131e1b]" started-at="2025-09-01T12:16:42 GST" name="setup" finished-at="2025-09-01T12:16:45 GST" duration-ms="3714" status="PASS">
          <reporter-output>
          </reporter-output>
        </test-method> <!-- setup -->
        <test-method signature="login()[pri:1, instance:Carttest.AutomationExercise@1d131e1b]" started-at="2025-09-01T12:16:45 GST" name="login" finished-at="2025-09-01T12:16:52 GST" duration-ms="6570" status="PASS">
          <reporter-output>
          </reporter-output>
        </test-method> <!-- login -->
        <test-method signature="SearchProduct()[pri:2, instance:Carttest.AutomationExercise@1d131e1b]" started-at="2025-09-01T12:16:52 GST" name="SearchProduct" finished-at="2025-09-01T12:16:57 GST" duration-ms="5414" status="PASS">
          <reporter-output>
          </reporter-output>
        </test-method> <!-- SearchProduct -->
        <test-method signature="Addtocart()[pri:3, instance:Carttest.AutomationExercise@1d131e1b]" started-at="2025-09-01T12:16:57 GST" name="Addtocart" finished-at="2025-09-01T12:17:02 GST" duration-ms="4278" status="PASS">
          <reporter-output>
          </reporter-output>
        </test-method> <!-- Addtocart -->
        <test-method signature="Placeorder()[pri:4, instance:Carttest.AutomationExercise@1d131e1b]" started-at="2025-09-01T12:17:02 GST" name="Placeorder" finished-at="2025-09-01T12:17:06 GST" duration-ms="3958" status="PASS">
          <reporter-output>
          </reporter-output>
        </test-method> <!-- Placeorder -->
        <test-method is-config="true" signature="Browserclose()[pri:0, instance:Carttest.AutomationExercise@1d131e1b]" started-at="2025-09-01T12:17:06 GST" name="Browserclose" finished-at="2025-09-01T12:17:06 GST" duration-ms="314" status="PASS">
          <reporter-output>
          </reporter-output>
        </test-method> <!-- Browserclose -->
      </class> <!-- Carttest.AutomationExercise -->
    </test> <!-- Default test -->
  </suite> <!-- Default suite -->
</testng-results>
